<class 'ast.Add'>
<class 'ast.And'>
<class 'ast.Assign'>
<class 'ast.Attribute'>
<class 'ast.AugAssign'>
<class 'ast.BinOp'>
<class 'ast.BoolOp'>
<class 'ast.Break'>
<class 'ast.Call'>
<class 'ast.Compare'>
<class 'ast.Constant'>
<class 'ast.Continue'>
<class 'ast.Dict'>
<class 'ast.DictComp'>
<class 'ast.Div'>
<class 'ast.Eq'>
<class 'ast.ExceptHandler'>
<class 'ast.Expr'>
<class 'ast.For'>
<class 'ast.FormattedValue'>
<class 'ast.FunctionDef'>
<class 'ast.Gt'>
<class 'ast.GtE'>
<class 'ast.If'>
<class 'ast.IfExp'>
<class 'ast.Import'>
<class 'ast.ImportFrom'>
<class 'ast.In'>
<class 'ast.Is'>
<class 'ast.JoinedStr'>
<class 'ast.List'>
<class 'ast.ListComp'>
<class 'ast.Load'>
<class 'ast.Lt'>
<class 'ast.LtE'>
<class 'ast.Module'>
<class 'ast.Name'>
<class 'ast.Not'>
<class 'ast.NotEq'>
<class 'ast.NotIn'>
<class 'ast.Or'>
<class 'ast.Raise'>
<class 'ast.Return'>
<class 'ast.Slice'>
<class 'ast.Store'>
<class 'ast.Sub'>
<class 'ast.Subscript'>
<class 'ast.Try'>
<class 'ast.Tuple'>
<class 'ast.USub'>
<class 'ast.UnaryOp'>
<class 'ast.With'>
<class 'ast.alias'>
<class 'ast.arg'>
<class 'ast.arguments'>
<class 'ast.comprehension'>
<class 'ast.keyword'>
<class 'ast.withitem'>
Name(id='logger', ctx=Store())
Name(id='CASR_POST_VERSION', ctx=Store())
Name(id='task_list', ctx=Store())
Name(id='sop_queryApi', ctx=Store())
Name(id='LogMgr', ctx=Load())
Name(id='SOPQueryApi', ctx=Load())
Name(id='sheet_name_list', ctx=Store())
Name(id='checklist_list', ctx=Store())
Name(id='result', ctx=Store())
Name(id='result', ctx=Load())
Name(id='total', ctx=Store())
Name(id='env', ctx=Store())
Name(id='unenv', ctx=Store())
Name(id='result', ctx=Store())
Name(id='sop_config', ctx=Store())
Name(id='result', ctx=Load())
Name(id='result', ctx=Store())
Name(id='rows', ctx=Store())
Name(id='rows', ctx=Store())
Name(id='rows', ctx=Load())
Name(id='result', ctx=Store())
Name(id='rows', ctx=Store())
Name(id='result', ctx=Store())
Name(id='rows', ctx=Store())
Name(id='rows', ctx=Load())
Name(id='sop_list', ctx=Store())
Name(id='rows', ctx=Store())
Name(id='one_sop', ctx=Store())
Name(id='sop_list', ctx=Load())
Name(id='rows', ctx=Load())
Name(id='rows', ctx=Store())
Name(id='result', ctx=Store())
Name(id='rows', ctx=Store())
Name(id='one_row', ctx=Store())
Name(id='result', ctx=Load())
Name(id='rows', ctx=Load())
Name(id='flag', ctx=Store())
Name(id='pid', ctx=Store())
Name(id='upid', ctx=Store())
Name(id='flight_id', ctx=Load())
Name(id='resfile', ctx=Store())
Name(id='flight_id', ctx=Store())
Name(id='error', ctx=Store())
Name(id='asrFiles', ctx=Store())
Name(id='qarFile', ctx=Store())
Name(id='flightNum', ctx=Store())
Name(id='audioStartTime', ctx=Store())
Name(id='jumpresultPath', ctx=Store())
Name(id='mergedtextPath', ctx=Store())
Name(id='SOPReportsPath', ctx=Store())
Name(id='SOPReportsSimplePath', ctx=Store())
Name(id='KM_audioStartTime', ctx=Store())
Name(id='iataCode', ctx=Store())
Name(id='sopType', ctx=Store())
Name(id='warnings', ctx=Store())
Name(id='warnings', ctx=Load())
Name(id='flight_sop', ctx=Store())
Name(id='tag', ctx=Store())
Name(id='sop_items', ctx=Store())
Name(id='flight_sop', ctx=Load())
Name(id='KEY_WARNING_STANDARD_WORD', ctx=Store())
Name(id='MIN_LIMIT_WARNING_STANDARD_WORD_FAIL', ctx=Store())
Name(id='MIN_LIMIT_WARNING_SIGNLE_CHECK_SUCCESSS', ctx=Store())
Name(id='warnings', ctx=Store())
Name(id='duration_check_count', ctx=Store())
Name(id='standard_word_fail', ctx=Store())
Name(id='duration_check_list', ctx=Store())
Name(id='flight_sop', ctx=Store())
Name(id='duration_check_name_dict', ctx=Store())
Name(id='warnings', ctx=Load())
Name(id='pm', ctx=Store())
Name(id='pf', ctx=Store())
Name(id='dict_pm', ctx=Store())
Name(id='dict_pf', ctx=Store())
Name(id='asr_parse', ctx=Store())
Name(id='asr_parse_without_env', ctx=Store())
Name(id='asr_parse_org_without_env', ctx=Store())
Name(id='asr_path', ctx=Store())
Name(id='asr_parse_org', ctx=Store())
Name(id='dict_pf', ctx=Store())
Name(id='dict_pm', ctx=Store())
Name(id='pf', ctx=Store())
Name(id='merged_text', ctx=Store())
Name(id='nfilename', ctx=Store())
Name(id='nmergedtext', ctx=Store())
Name(id='nmergedtext', ctx=Load())
Name(id='N', ctx=Store())
Name(id='num_task', ctx=Store())
Name(id='num_task', ctx=Load())
Name(id='pro_name', ctx=Store())
Name(id='task_index', ctx=Store())
Name(id='task', ctx=Store())
Name(id='task_list', ctx=Load())
Name(id='response', ctx=Store())
Name(id='response', ctx=Load())
Name(id='app', ctx=Store())
Name(id='app', ctx=Load())
Name(id='one_code_key', ctx=Store())
Name(id='one_sheet_name', ctx=Store())
Name(id='_min', ctx=Store())
Name(id='_max', ctx=Store())
Name(id='key', ctx=Store())
Name(id='value', ctx=Store())
Name(id='total', ctx=Store())
Name(id='key', ctx=Store())
Name(id='value', ctx=Store())
Name(id='env', ctx=Store())
Name(id='key', ctx=Store())
Name(id='value', ctx=Store())
Name(id='unenv', ctx=Store())
Name(id='total', ctx=Load())
Name(id='result', ctx=Store())
Name(id='flight_id', ctx=Load())
Name(id='flight_id', ctx=Store())
Name(id='sop', ctx=Store())
Name(id='flight_statistics_checklist', ctx=Load())
Name(id='flight_id', ctx=Load())
Name(id='sop', ctx=Load())
Name(id='flight_id', ctx=Load())
Name(id='total', ctx=Store())
Name(id='checked', ctx=Store())
Name(id='flight_id', ctx=Load())
Name(id='unenv', ctx=Store())
Name(id='flight_id', ctx=Load())
Name(id='unenv', ctx=Load())
Name(id='startDate', ctx=Load())
Name(id='endDate', ctx=Load())
Name(id='flight_id', ctx=Store())
Name(id='sop', ctx=Store())
Name(id='one_sop', ctx=Load())
Name(id='rows', ctx=Store())
Name(id='startDate', ctx=Load())
Name(id='endDate', ctx=Load())
Name(id='flightItemId', ctx=Store())
Name(id='total', ctx=Store())
Name(id='checked', ctx=Store())
Name(id='jumpingPoints', ctx=Store())
Name(id='sopFileName', ctx=Store())
Name(id='sopFileName', ctx=Store())
Name(id='sop', ctx=Store())
Name(id='unenv', ctx=Store())
Name(id='rows', ctx=Store())
Name(id='pid', ctx=Load())
Name(id='upid', ctx=Load())
Name(id='flag', ctx=Store())
Name(id='jumppoints', ctx=Store())
Name(id='is_all_jumping_points_ok', ctx=Store())
Name(id='flag', ctx=Store())
Name(id='mergedtext_without_env', ctx=Store())
Name(id='mergedtext', ctx=Store())
Name(id='flag', ctx=Store())
Name(id='mergedtext_nlp', ctx=Store())
Name(id='mergedtext_nlp_without_env', ctx=Store())
Name(id='flag', ctx=Store())
Name(id='Exception', ctx=Load())
Name(id='res_f', ctx=Store())
Name(id='mgr_dict_in_temp', ctx=Store())
Name(id='mgr_dict', ctx=Load())
Name(id='mgr_dict', ctx=Load())
Name(id='flightnum', ctx=Load())
Name(id='flightnum', ctx=Load())
Name(id='flight_id', ctx=Store())
Name(id='asrFiles', ctx=Store())
Name(id='iataCode', ctx=Store())
Name(id='sopType', ctx=Store())
Name(id='qarFile', ctx=Store())
Name(id='flightNum', ctx=Store())
Name(id='flightNum', ctx=Store())
Name(id='audioStartTime', ctx=Store())
Name(id='jumpresultPath', ctx=Store())
Name(id='mergedtextPath', ctx=Store())
Name(id='SOPReportsPath', ctx=Store())
Name(id='SOPReportsSimplePath', ctx=Store())
Name(id='sub_folder', ctx=Store())
Name(id='Exception', ctx=Load())
Name(id='flight_id', ctx=Load())
Name(id='error', ctx=Load())
Name(id='asrFiles', ctx=Load())
Name(id='qarFile', ctx=Load())
Name(id='flightNum', ctx=Load())
Name(id='KM_audioStartTime', ctx=Load())
Name(id='audioStartTime', ctx=Load())
Name(id='jumpresultPath', ctx=Load())
Name(id='mergedtextPath', ctx=Load())
Name(id='SOPReportsPath', ctx=Load())
Name(id='SOPReportsSimplePath', ctx=Load())
Name(id='iataCode', ctx=Load())
Name(id='sopType', ctx=Load())
Name(id='sop_warnings', ctx=Load())
Name(id='dict', ctx=Load())
Name(id='json_file', ctx=Store())
Name(id='sop_meta', ctx=Store())
Name(id='sop_item_list', ctx=Store())
Name(id='sop_item', ctx=Store())
Name(id='sop_item_list', ctx=Load())
Name(id='json_file', ctx=Store())
Name(id='sop_result', ctx=Store())
Name(id='sop_item', ctx=Store())
Name(id='sop_items', ctx=Load())
Name(id='json_file', ctx=Store())
Name(id='json_string', ctx=Store())
Name(id='sheet_name_list', ctx=Store())
Name(id='checklist_list', ctx=Store())
Name(id='check_name', ctx=Load())
Name(id='item', ctx=Store())
Name(id='sop_list', ctx=Store())
Name(id='getSOPResult', ctx=Load())
Name(id='sop_result_file', ctx=Load())
Name(id='sop_item', ctx=Store())
Name(id='is_checked', ctx=Store())
Name(id='is_checked', ctx=Load())
Name(id='standard_word_fail', ctx=Load())
Name(id='MIN_LIMIT_WARNING_STANDARD_WORD_FAIL', ctx=Load())
Name(id='value', ctx=Load())
Name(id='key', ctx=Load())
Name(id='key', ctx=Store())
Name(id='value', ctx=Store())
Name(id='asrFiles', ctx=Load())
Name(id='asrFiles', ctx=Load())
Name(id='dict_pf', ctx=Load())
Name(id='dict_pm', ctx=Load())
Name(id='dict_pf', ctx=Load())
Name(id='dict_pm', ctx=Load())
Name(id='asr_parse', ctx=Load())
Name(id='pm', ctx=Load())
Name(id='pf', ctx=Load())
Name(id='env', ctx=Store())
Name(id='dict_env', ctx=Store())
Name(id='asr_parse', ctx=Load())
Name(id='asr_parse_org', ctx=Load())
Name(id='asr_parse', ctx=Load())
Name(id='asr_path', ctx=Load())
Name(id='asr_parse_org_without_env', ctx=Load())
Name(id='asr_parse_without_env', ctx=Load())
Name(id='asrFiles', ctx=Load())
Name(id='asrFiles', ctx=Load())
Name(id='asr_path', ctx=Load())
Name(id='merging', ctx=Load())
Name(id='dict_pf', ctx=Load())
Name(id='dict_pm', ctx=Load())
Name(id='mgr_dict', ctx=Load())
Name(id='merged_text', ctx=Store())
Name(id='filepath', ctx=Store())
Name(id='filename', ctx=Store())
Name(id='pf', ctx=Load())
Name(id='mergedtextPath', ctx=Load())
Name(id='nfilename', ctx=Load())
Name(id='merge', ctx=Store())
Name(id='len', ctx=Load())
Name(id='task_list', ctx=Load())
Name(id='task_id', ctx=Load())
Name(id='flag', ctx=Store())
Name(id='j', ctx=Store())
Name(id='pro_name', ctx=Load())
Name(id='task_index', ctx=Load())
Name(id='make_response', ctx=Load())
Name(id='data', ctx=Load())
Name(id='response', ctx=Load())
Name(id='str', ctx=Load())
Name(id='code', ctx=Load())
Name(id='Flask', ctx=Load())
Name(id='__name__', ctx=Load())
Name(id='task_id', ctx=Store())
Name(id='data', ctx=Store())
Name(id='response', ctx=Store())
Name(id='response', ctx=Load())
Name(id='task_id', ctx=Store())
Name(id='task_id', ctx=Store())
Name(id='task_id', ctx=Store())
Name(id='task_id', ctx=Store())
Name(id='task_id', ctx=Store())
Name(id='task_id', ctx=Store())
Name(id='task_id', ctx=Store())
Name(id='task_id', ctx=Store())
Name(id='task_id', ctx=Store())
Name(id='task_id', ctx=Store())
Name(id='task_id', ctx=Store())
Name(id='aes_util', ctx=Load())
Name(id='aes_util', ctx=Load())
Name(id='logger', ctx=Load())
Name(id='sheet_name_list', ctx=Load())
Name(id='sys', ctx=Load())
Name(id='key', ctx=Store())
Name(id='value', ctx=Store())
Name(id='_min', ctx=Load())
Name(id='duration', ctx=Store())
Name(id='result', ctx=Store())
Name(id='logger', ctx=Load())
Name(id='json', ctx=Load())
Name(id='open', ctx=Load())
Name(id='sop_config', ctx=Load())
Name(id='key', ctx=Load())
Name(id='len', ctx=Load())
Name(id='key', ctx=Load())
Name(id='len', ctx=Load())
Name(id='value', ctx=Load())
Name(id='key', ctx=Load())
Name(id='len', ctx=Load())
Name(id='value', ctx=Load())
Name(id='logger', ctx=Load())
Name(id='flight_id', ctx=Load())
Name(id='sop_queryApi', ctx=Load())
Name(id='len', ctx=Load())
Name(id='result', ctx=Load())
Name(id='result', ctx=Load())
Name(id='sop_queryApi', ctx=Load())
Name(id='len', ctx=Load())
Name(id='result', ctx=Load())
Name(id='sop_queryApi', ctx=Load())
Name(id='len', ctx=Load())
Name(id='result', ctx=Load())
Name(id='sop_queryApi', ctx=Load())
Name(id='total', ctx=Load())
Name(id='sop_queryApi', ctx=Load())
Name(id='one_sop', ctx=Load())
Name(id='flight_statistics_checklist', ctx=Load())
Name(id='flight_id', ctx=Load())
Name(id='sop', ctx=Load())
Name(id='logger', ctx=Load())
Name(id='sop_queryApi', ctx=Load())
Name(id='one_row', ctx=Load())
Name(id='one_row', ctx=Load())
Name(id='one_row', ctx=Load())
Name(id='one_row', ctx=Load())
Name(id='sopFileName', ctx=Load())
Name(id='key', ctx=Store())
Name(id='value', ctx=Store())
Name(id='unenv', ctx=Store())
Name(id='flightItemId', ctx=Load())
Name(id='logger', ctx=Load())
Name(id='os', ctx=Load())
Name(id='mgr_dict', ctx=Load())
Name(id='mgr_dict', ctx=Load())
Name(id='mgr_dict', ctx=Load())
Name(id='mgr_dict', ctx=Load())
Name(id='mgr_dict', ctx=Load())
Name(id='mgr_dict', ctx=Load())
Name(id='mgr_dict', ctx=Load())
Name(id='mgr_dict', ctx=Load())
Name(id='mgr_dict', ctx=Load())
Name(id='mgr_dict', ctx=Load())
Name(id='qarFile', ctx=Load())
Name(id='asr_dic_org', ctx=Store())
Name(id='asr_dic', ctx=Store())
Name(id='asr_path', ctx=Store())
Name(id='asr_dic_org_without_env', ctx=Store())
Name(id='asr_dic_without_env', ctx=Store())
Name(id='parseAsr', ctx=Load())
Name(id='flight_id', ctx=Load())
Name(id='asrFiles', ctx=Load())
Name(id='mergeText', ctx=Load())
Name(id='upid', ctx=Load())
Name(id='asr_dic_without_env', ctx=Load())
Name(id='asr_path', ctx=Load())
Name(id='mergedtextPath', ctx=Load())
Name(id='mgr_dict', ctx=Load())
Name(id='mergeText', ctx=Load())
Name(id='upid', ctx=Load())
Name(id='asr_dic', ctx=Load())
Name(id='asr_path', ctx=Load())
Name(id='mergedtextPath', ctx=Load())
Name(id='mgr_dict', ctx=Load())
Name(id='text_process', ctx=Load())
Name(id='flight_id', ctx=Load())
Name(id='mergedtext', ctx=Load())
Name(id='mgr_dict', ctx=Load())
Name(id='text_process', ctx=Load())
Name(id='flight_id', ctx=Load())
Name(id='mergedtext_without_env', ctx=Load())
Name(id='mgr_dict', ctx=Load())
Name(id='is_all_jumping_points_ok', ctx=Load())
Name(id='sop_config', ctx=Store())
Name(id='special_case_config', ctx=Store())
Name(id='sop_dic', ctx=Store())
Name(id='sop_dic_without_env', ctx=Store())
Name(id='is_all_jumping_points_ok', ctx=Load())
Name(id='mgr_dict', ctx=Load())
Name(id='logger', ctx=Load())
Name(id='logger', ctx=Load())
Name(id='upid', ctx=Load())
Name(id='open', ctx=Load())
Name(id='resfile', ctx=Load())
Name(id='mgr_dict_in_temp', ctx=Load())
Name(id='mgr_dict', ctx=Load())
Name(id='Exception', ctx=Load())
Name(id='mgr_dict', ctx=Load())
Name(id='logger', ctx=Load())
Name(id='re', ctx=Load())
Name(id='flightnum', ctx=Store())
Name(id='flightnum', ctx=Load())
Name(id='error', ctx=Store())
Name(id='error', ctx=Store())
Name(id='error', ctx=Store())
Name(id='qarFilePath', ctx=Store())
Name(id='qarFile', ctx=Store())
Name(id='error', ctx=Store())
Name(id='flightnum_check', ctx=Load())
Name(id='flightNum', ctx=Load())
Name(id='error', ctx=Store())
Name(id='t_start', ctx=Store())
Name(id='audioStartTime', ctx=Store())
Name(id='KM_audioStartTime', ctx=Store())
Name(id='audioStartTime', ctx=Load())
Name(id='audioStartTime', ctx=Store())
Name(id='jumpresultPath', ctx=Load())
Name(id='mergedtextPath', ctx=Load())
Name(id='SOPReportsPath', ctx=Load())
Name(id='SOPReportsSimplePath', ctx=Load())
Name(id='error', ctx=Store())
Name(id='warnings', ctx=Load())
Name(id='updateCheckRateWarning', ctx=Load())
Name(id='flight_id', ctx=Load())
Name(id='sop_result_file', ctx=Load())
Name(id='warnings', ctx=Load())
Name(id='logger', ctx=Load())
Name(id='open', ctx=Load())
Name(id='json_file', ctx=Load())
Name(id='sop_meta', ctx=Load())
Name(id='sop_item_list', ctx=Store())
Name(id='open', ctx=Load())
Name(id='sop_result_file', ctx=Load())
Name(id='json_file', ctx=Load())
Name(id='sop_result', ctx=Load())
Name(id='isinstance', ctx=Load())
Name(id='sop_items', ctx=Load())
Name(id='list', ctx=Load())
Name(id='open', ctx=Load())
Name(id='json_file', ctx=Load())
Name(id='json_string', ctx=Load())
Name(id='json_string', ctx=Load())
Name(id='check_name', ctx=Store())
Name(id='checklist_list', ctx=Load())
Name(id='sop_list', ctx=Load())
Name(id='flight_sop', ctx=Load())
Name(id='KEY_WARNING_STANDARD_WORD', ctx=Load())
Name(id='duration_check_count', ctx=Load())
Name(id='value', ctx=Load())
Name(id='MIN_LIMIT_WARNING_SIGNLE_CHECK_SUCCESSS', ctx=Load())
Name(id='logger', ctx=Load())
Name(id='json', ctx=Load())
Name(id='open', ctx=Load())
Name(id='pm', ctx=Load())
Name(id='json', ctx=Load())
Name(id='open', ctx=Load())
Name(id='pf', ctx=Load())
Name(id='copy', ctx=Load())
Name(id='logger', ctx=Load())
Name(id='len', ctx=Load())
Name(id='asrFiles', ctx=Load())
Name(id='asrFiles', ctx=Load())
Name(id='dict_env', ctx=Load())
Name(id='logger', ctx=Load())
Name(id='copy', ctx=Load())
Name(id='logger', ctx=Load())
Name(id='len', ctx=Load())
Name(id='asrFiles', ctx=Load())
Name(id='merging', ctx=Load())
Name(id='merged_text', ctx=Load())
Name(id='mgr_dict', ctx=Load())
Name(id='logger', ctx=Load())
Name(id='mergedtextPath', ctx=Load())
Name(id='mergedtextPath', ctx=Load())
Name(id='logger', ctx=Load())
Name(id='open', ctx=Load())
Name(id='nmergedtext', ctx=Load())
Name(id='N', ctx=Load())
Name(id='i', ctx=Store())
Name(id='range', ctx=Load())
Name(id='num_task', ctx=Store())
Name(id='task', ctx=Load())
Name(id='task_name', ctx=Store())
Name(id='response', ctx=Load())
Name(id='logger', ctx=Load())
Name(id='task_info', ctx=Store())
Name(id='num_task', ctx=Store())
Name(id='response', ctx=Load())
Name(id='Exception', ctx=Load())
Name(id='app', ctx=Load())
Name(id='mgr', ctx=Store())
Name(id='mgr_list', ctx=Load())
Name(id='num_task', ctx=Store())
Name(id='resfile', ctx=Store())
Name(id='response', ctx=Load())
Name(id='Exception', ctx=Load())
Name(id='app', ctx=Load())
Name(id='CASR_POST_VERSION', ctx=Load())
Name(id='responseFormat', ctx=Load())
Name(id='data', ctx=Load())
Name(id='app', ctx=Load())
Name(id='num_task', ctx=Store())
Name(id='resfile', ctx=Store())
Name(id='response', ctx=Store())
Name(id='response', ctx=Load())
Name(id='Exception', ctx=Load())
Name(id='app', ctx=Load())
Name(id='app', ctx=Load())
Name(id='app', ctx=Load())
Name(id='api_begin', ctx=Store())
Name(id='time_2', ctx=Store())
Name(id='data', ctx=Store())
Name(id='start_date', ctx=Store())
Name(id='end_date', ctx=Store())
Name(id='departmentCode', ctx=Store())
Name(id='workerNo', ctx=Store())
Name(id='iataCode', ctx=Store())
Name(id='sopType', ctx=Store())
Name(id='simpleType', ctx=Store())
Name(id='iataCodeList', ctx=Store())
Name(id='sop_list', ctx=Store())
Name(id='time_1', ctx=Store())
Name(id='time_2', ctx=Load())
Name(id='time_2', ctx=Store())
Name(id='start_date_short', ctx=Store())
Name(id='end_date_short', ctx=Store())
Name(id='report_file_name', ctx=Store())
Name(id='time_1', ctx=Store())
Name(id='time_2', ctx=Load())
Name(id='time_2', ctx=Store())
Name(id='api_end', ctx=Store())
Name(id='failure', ctx=Store())
Name(id='Exception', ctx=Load())
Name(id='app', ctx=Load())
Name(id='api_begin', ctx=Store())
Name(id='data', ctx=Store())
Name(id='start_date', ctx=Store())
Name(id='end_date', ctx=Store())
Name(id='departmentCode', ctx=Store())
Name(id='workerNo', ctx=Store())
Name(id='iataCode', ctx=Store())
Name(id='sopType', ctx=Store())
Name(id='simpleType', ctx=Store())
Name(id='iataCodeList', ctx=Store())
Name(id='keyword_config', ctx=Store())
Name(id='flight_list', ctx=Store())
Name(id='start_date_short', ctx=Store())
Name(id='end_date_short', ctx=Store())
Name(id='report_file_name', ctx=Store())
Name(id='api_end', ctx=Store())
Name(id='failure', ctx=Store())
Name(id='Exception', ctx=Load())
Name(id='app', ctx=Load())
Name(id='api_begin', ctx=Store())
Name(id='data', ctx=Store())
Name(id='start_date', ctx=Store())
Name(id='end_date', ctx=Store())
Name(id='departmentCode', ctx=Store())
Name(id='workerNo', ctx=Store())
Name(id='iataCode', ctx=Store())
Name(id='sopType', ctx=Store())
Name(id='simpleType', ctx=Store())
Name(id='iataCodeList', ctx=Store())
Name(id='sop_list', ctx=Store())
Name(id='start_date_short', ctx=Store())
Name(id='end_date_short', ctx=Store())
Name(id='report_file_name', ctx=Store())
Name(id='api_end', ctx=Store())
Name(id='failure', ctx=Store())
Name(id='Exception', ctx=Load())
Name(id='app', ctx=Load())
Name(id='api_begin', ctx=Store())
Name(id='data', ctx=Store())
Name(id='iataCode', ctx=Store())
Name(id='iataCodeList', ctx=Store())
Name(id='params', ctx=Store())
Name(id='data', ctx=Store())
Name(id='iataCode', ctx=Load())
Name(id='median_data', ctx=Store())
Name(id='Exception', ctx=Load())
Name(id='app', ctx=Load())
Name(id='api_begin', ctx=Store())
Name(id='data', ctx=Store())
Name(id='start_date', ctx=Store())
Name(id='end_date', ctx=Store())
Name(id='departmentCode', ctx=Store())
Name(id='workerNo', ctx=Store())
Name(id='iataCode', ctx=Store())
Name(id='sopType', ctx=Store())
Name(id='simpleType', ctx=Store())
Name(id='iataCodeList', ctx=Store())
Name(id='sop_list', ctx=Store())
Name(id='start_date_short', ctx=Store())
Name(id='end_date_short', ctx=Store())
Name(id='report_file_name', ctx=Store())
Name(id='api_end', ctx=Store())
Name(id='failure', ctx=Store())
Name(id='Exception', ctx=Load())
Name(id='app', ctx=Load())
Name(id='api_begin', ctx=Store())
Name(id='data', ctx=Store())
Name(id='iataCode', ctx=Store())
Name(id='iataCodeList', ctx=Store())
Name(id='params', ctx=Store())
Name(id='data', ctx=Store())
Name(id='statistics_result', ctx=Store())
Name(id='gap', ctx=Store())
Name(id='Exception', ctx=Load())
Name(id='app', ctx=Load())
Name(id='rows', ctx=Store())
Name(id='rows', ctx=Store())
Name(id='Exception', ctx=Load())
Name(id='app', ctx=Load())
Name(id='data', ctx=Store())
Name(id='startDate', ctx=Store())
Name(id='endDate', ctx=Store())
Name(id='rows', ctx=Store())
Name(id='rows', ctx=Store())
Name(id='Exception', ctx=Load())
Name(id='app', ctx=Load())
Name(id='data', ctx=Store())
Name(id='flightItemIds', ctx=Store())
Name(id='Exception', ctx=Load())
Name(id='app', ctx=Load())
Name(id='api_begin', ctx=Store())
Name(id='time_2', ctx=Store())
Name(id='data', ctx=Store())
Name(id='id', ctx=Store())
Name(id='asrFiles', ctx=Store())
Name(id='keywords', ctx=Store())
Name(id='iataCode', ctx=Store())
Name(id='startTime', ctx=Store())
Name(id='endTime', ctx=Store())
Name(id='time_1', ctx=Store())
Name(id='time_2', ctx=Load())
Name(id='time_2', ctx=Store())
Name(id='failure', ctx=Store())
Name(id='Exception', ctx=Load())
Name(id='app', ctx=Load())
Name(id='result', ctx=Store())
Name(id='data', ctx=Store())
Name(id='startDate', ctx=Store())
Name(id='endDate', ctx=Store())
Name(id='rows', ctx=Store())
Name(id='keyword_config', ctx=Store())
Name(id='one_row', ctx=Store())
Name(id='rows', ctx=Load())
Name(id='Exception', ctx=Load())
Name(id='app', ctx=Load())
Name(id='config_util', ctx=Load())
Name(id='config_util', ctx=Load())
Name(id='config_util', ctx=Load())
Name(id='config_util', ctx=Load())
Name(id='flight_id', ctx=Load())
Name(id='config_util', ctx=Load())
Name(id='config_util', ctx=Load())
Name(id='key1', ctx=Store())
Name(id='value1', ctx=Store())
Name(id='logger', ctx=Load())
Name(id='sys', ctx=Load())
Name(id='_max', ctx=Load())
Name(id='_min', ctx=Load())
Name(id='flight_id', ctx=Load())
Name(id='one_code_key', ctx=Load())
Name(id='duration', ctx=Load())
Name(id='flight_id', ctx=Load())
Name(id='logger', ctx=Load())
Name(id='sop_dic', ctx=Load())
Name(id='logger', ctx=Load())
Name(id='sop_dic_without_env', ctx=Load())
Name(id='logger', ctx=Load())
Name(id='flight_id', ctx=Load())
Name(id='total', ctx=Load())
Name(id='env', ctx=Load())
Name(id='unenv', ctx=Load())
Name(id='sop_queryApi', ctx=Load())
Name(id='total', ctx=Load())
Name(id='total', ctx=Load())
Name(id='logger', ctx=Load())
Name(id='result', ctx=Load())
Name(id='result', ctx=Load())
Name(id='result', ctx=Load())
Name(id='result', ctx=Load())
Name(id='float', ctx=Load())
Name(id='checked', ctx=Load())
Name(id='jumpingPoints', ctx=Load())
Name(id='sopFileName', ctx=Load())
Name(id='json', ctx=Load())
Name(id='open', ctx=Load())
Name(id='sopFileName', ctx=Load())
Name(id='sop', ctx=Load())
Name(id='key', ctx=Load())
Name(id='len', ctx=Load())
Name(id='value', ctx=Load())
Name(id='logger', ctx=Load())
Name(id='sop_queryApi', ctx=Load())
Name(id='total', ctx=Load())
Name(id='total', ctx=Load())
Name(id='flight_id', ctx=Load())
Name(id='pcon', ctx=Load())
Name(id='pid', ctx=Load())
Name(id='logger', ctx=Load())
Name(id='jumppoints', ctx=Store())
Name(id='is_all_jumping_points_ok', ctx=Store())
Name(id='jump_point_main', ctx=Load())
Name(id='upid', ctx=Load())
Name(id='qarFile', ctx=Load())
Name(id='jumpresultPath', ctx=Load())
Name(id='mgr_dict', ctx=Load())
Name(id='logger', ctx=Load())
Name(id='logger', ctx=Load())
Name(id='logger', ctx=Load())
Name(id='logger', ctx=Load())
Name(id='logger', ctx=Load())
Name(id='logger', ctx=Load())
Name(id='logger', ctx=Load())
Name(id='logger', ctx=Load())
Name(id='logger', ctx=Load())
Name(id='logger', ctx=Load())
Name(id='logger', ctx=Load())
Name(id='qarFile', ctx=Load())
Name(id='iata_code', ctx=Store())
Name(id='sop_type', ctx=Store())
Name(id='iata_code', ctx=Load())
Name(id='sop_type', ctx=Load())
Name(id='iata_code', ctx=Load())
Name(id='sop_type', ctx=Load())
Name(id='upid', ctx=Load())
Name(id='flightNum', ctx=Load())
Name(id='asr_dic_org', ctx=Load())
Name(id='qarFile', ctx=Load())
Name(id='KM_audioStartTime', ctx=Load())
Name(id='SOPReportsPath', ctx=Load())
Name(id='jumppoints', ctx=Load())
Name(id='sop_config', ctx=Load())
Name(id='special_case_config', ctx=Load())
Name(id='upid', ctx=Load())
Name(id='flightNum', ctx=Load())
Name(id='asr_dic_org_without_env', ctx=Load())
Name(id='qarFile', ctx=Load())
Name(id='KM_audioStartTime', ctx=Load())
Name(id='SOPReportsSimplePath', ctx=Load())
Name(id='jumppoints', ctx=Load())
Name(id='sop_config', ctx=Load())
Name(id='logger', ctx=Load())
Name(id='qarFile', ctx=Load())
Name(id='mgr_dict', ctx=Load())
Name(id='updateWarnings', ctx=Load())
Name(id='flight_id', ctx=Load())
Name(id='is_all_jumping_points_ok', ctx=Load())
Name(id='flag', ctx=Load())
Name(id='failure', ctx=Store())
Name(id='failure', ctx=Load())
Name(id='mgr_dict', ctx=Load())
Name(id='flight_id', ctx=Load())
Name(id='flight_id', ctx=Load())
Name(id='os', ctx=Load())
Name(id='mgr_dict_in_temp', ctx=Load())
Name(id='mgr_dict_in_temp', ctx=Load())
Name(id='res_f', ctx=Load())
Name(id='flight_statistics_checklist', ctx=Load())
Name(id='flight_id', ctx=Load())
Name(id='sop_dic', ctx=Load())
Name(id='flight_statistics_headset', ctx=Load())
Name(id='flight_id', ctx=Load())
Name(id='sop_dic', ctx=Load())
Name(id='sop_dic_without_env', ctx=Load())
Name(id='error', ctx=Store())
Name(id='flight_id', ctx=Load())
Name(id='flightnum', ctx=Load())
Name(id='flightnum', ctx=Load())
Name(id='Exception', ctx=Load())
Name(id='error', ctx=Load())
Name(id='data', ctx=Load())
Name(id='data', ctx=Load())
Name(id='data', ctx=Load())
Name(id='data', ctx=Load())
Name(id='isinstance', ctx=Load())
Name(id='asrFiles', ctx=Load())
Name(id='list', ctx=Load())
Name(id='asrFiles', ctx=Load())
Name(id='error', ctx=Load())
Name(id='Exception', ctx=Load())
Name(id='error', ctx=Load())
Name(id='error', ctx=Store())
Name(id='textDecodedPath', ctx=Store())
Name(id='data', ctx=Load())
Name(id='qarFile', ctx=Load())
Name(id='error', ctx=Load())
Name(id='Exception', ctx=Load())
Name(id='error', ctx=Load())
Name(id='qarFilePath', ctx=Load())
Name(id='qarFile', ctx=Load())
Name(id='error', ctx=Store())
Name(id='data', ctx=Load())
Name(id='flightNum', ctx=Load())
Name(id='error', ctx=Load())
Name(id='Exception', ctx=Load())
Name(id='error', ctx=Load())
Name(id='data', ctx=Load())
Name(id='audioStartTime', ctx=Load())
Name(id='audioStartTime', ctx=Load())
Name(id='audioStartTime', ctx=Load())
Name(id='error', ctx=Load())
Name(id='Exception', ctx=Load())
Name(id='error', ctx=Load())
Name(id='iataCode', ctx=Load())
Name(id='iataCode', ctx=Load())
Name(id='iataCode', ctx=Load())
Name(id='iataCode', ctx=Load())
Name(id='iataCode', ctx=Load())
Name(id='iataCode', ctx=Load())
Name(id='iataCode', ctx=Load())
Name(id='iataCode', ctx=Load())
Name(id='error', ctx=Load())
Name(id='sop_warnings', ctx=Load())
Name(id='warnings', ctx=Load())
Name(id='json', ctx=Load())
Name(id='flight_sop', ctx=Load())
Name(id='sop_item', ctx=Load())
Name(id='json', ctx=Load())
Name(id='sop_item', ctx=Load())
Name(id='flight_sop', ctx=Load())
Name(id='json', ctx=Load())
Name(id='duration_check_list', ctx=Load())
Name(id='item', ctx=Store())
Name(id='sop_list', ctx=Store())
Name(id='sop_item', ctx=Load())
Name(id='duration_check_list', ctx=Load())
Name(id='standard_word_fail', ctx=Store())
Name(id='warnings', ctx=Load())
Name(id='key', ctx=Store())
Name(id='value', ctx=Store())
Name(id='flight_id', ctx=Load())
Name(id='flight_id', ctx=Load())
Name(id='json', ctx=Load())
Name(id='open', ctx=Load())
Name(id='env', ctx=Load())
Name(id='asr_parse', ctx=Load())
Name(id='flight_id', ctx=Load())
Name(id='flight_id', ctx=Load())
Name(id='asrFiles', ctx=Load())
Name(id='upid', ctx=Load())
Name(id='os', ctx=Load())
Name(id='os', ctx=Load())
Name(id='os', ctx=Load())
Name(id='upid', ctx=Load())
Name(id='nmergedtext', ctx=Load())
Name(id='merge', ctx=Load())
Name(id='merged_text', ctx=Load())
Name(id='range', ctx=Load())
Name(id='len', ctx=Load())
Name(id='mgr_list', ctx=Load())
Name(id='upid', ctx=Store())
Name(id='flag', ctx=Load())
Name(id='task_name', ctx=Load())
Name(id='upid', ctx=Load())
Name(id='pro_name', ctx=Store())
Name(id='task_index', ctx=Store())
Name(id='index', ctx=Store())
Name(id='task', ctx=Store())
Name(id='enumerate', ctx=Load())
Name(id='task_list', ctx=Load())
Name(id='taskNumber', ctx=Load())
Name(id='mgr_list', ctx=Load())
Name(id='num_task', ctx=Load())
Name(id='data', ctx=Store())
Name(id='asrFile', ctx=Store())
Name(id='asrFiles', ctx=Load())
Name(id='data', ctx=Store())
Name(id='response', ctx=Store())
Name(id='data', ctx=Store())
Name(id='response', ctx=Store())
Name(id='taskNumber', ctx=Load())
Name(id='mgr_list', ctx=Load())
Name(id='task_id', ctx=Load())
Name(id='num_task', ctx=Load())
Name(id='response', ctx=Store())
Name(id='response', ctx=Store())
Name(id='data', ctx=Store())
Name(id='response', ctx=Store())
Name(id='task', ctx=Store())
Name(id='task_list', ctx=Load())
Name(id='task', ctx=Store())
Name(id='task_list', ctx=Load())
Name(id='error', ctx=Store())
Name(id='data', ctx=Store())
Name(id='response', ctx=Store())
Name(id='response', ctx=Load())
Name(id='logger', ctx=Load())
Name(id='logger', ctx=Load())
Name(id='taskNumber', ctx=Load())
Name(id='mgr_list', ctx=Load())
Name(id='task_id', ctx=Load())
Name(id='num_task', ctx=Load())
Name(id='res', ctx=Store())
Name(id='data', ctx=Store())
Name(id='responseFormat', ctx=Load())
Name(id='data', ctx=Load())
Name(id='error', ctx=Store())
Name(id='data', ctx=Store())
Name(id='response', ctx=Store())
Name(id='response', ctx=Load())
Name(id='logger', ctx=Load())
Name(id='logger', ctx=Load())
Name(id='uuid', ctx=Load())
Name(id='str', ctx=Load())
Name(id='str', ctx=Load())
Name(id='iataCodeList', ctx=Store())
Name(id='iataCode', ctx=Load())
Name(id='file_name', ctx=Store())
Name(id='err_code', ctx=Store())
Name(id='create_flight_sop_reoprt', ctx=Load())
Name(id='sop_list', ctx=Load())
Name(id='report_file_name', ctx=Load())
Name(id='err_code', ctx=Load())
Name(id='failure', ctx=Load())
Name(id='err_code', ctx=Load())
Name(id='failure', ctx=Load())
Name(id='error', ctx=Store())
Name(id='failure', ctx=Store())
Name(id='uuid', ctx=Load())
Name(id='str', ctx=Load())
Name(id='str', ctx=Load())
Name(id='iataCodeList', ctx=Store())
Name(id='iataCode', ctx=Load())
Name(id='keywords', ctx=Store())
Name(id='keywords', ctx=Store())
Name(id='file_name', ctx=Store())
Name(id='err_code', ctx=Store())
Name(id='create_sensitive_words_reoprt', ctx=Load())
Name(id='err_code', ctx=Load())
Name(id='failure', ctx=Load())
Name(id='err_code', ctx=Load())
Name(id='failure', ctx=Load())
Name(id='error', ctx=Store())
Name(id='uuid', ctx=Load())
Name(id='str', ctx=Load())
Name(id='str', ctx=Load())
Name(id='iataCodeList', ctx=Store())
Name(id='iataCode', ctx=Load())
Name(id='file_name', ctx=Store())
Name(id='err_code', ctx=Store())
Name(id='create_checklist_duration_reoprt', ctx=Load())
Name(id='sop_list', ctx=Load())
Name(id='report_file_name', ctx=Load())
Name(id='err_code', ctx=Load())
Name(id='failure', ctx=Load())
Name(id='err_code', ctx=Load())
Name(id='failure', ctx=Load())
Name(id='error', ctx=Store())
Name(id='uuid', ctx=Load())
Name(id='request', ctx=Load())
Name(id='iataCodeList', ctx=Store())
Name(id='iataCode', ctx=Load())
Name(id='iataCodeList', ctx=Load())
Name(id='params', ctx=Load())
Name(id='params', ctx=Load())
Name(id='get_checklist_median', ctx=Load())
Name(id='params', ctx=Load())
Name(id='data', ctx=Load())
Name(id='median_data', ctx=Load())
Name(id='error', ctx=Store())
Name(id='uuid', ctx=Load())
Name(id='str', ctx=Load())
Name(id='str', ctx=Load())
Name(id='iataCodeList', ctx=Store())
Name(id='iataCode', ctx=Load())
Name(id='generateSummarys', ctx=Load())
Name(id='start_date_short', ctx=Load())
Name(id='end_date_short', ctx=Load())
Name(id='sop_list', ctx=Load())
Name(id='file_name', ctx=Store())
Name(id='err_code', ctx=Store())
Name(id='create_headset_wear_reoprt', ctx=Load())
Name(id='sop_list', ctx=Load())
Name(id='report_file_name', ctx=Load())
Name(id='err_code', ctx=Load())
Name(id='failure', ctx=Load())
Name(id='err_code', ctx=Load())
Name(id='failure', ctx=Load())
Name(id='error_id', ctx=Store())
Name(id='error', ctx=Store())
Name(id='uuid', ctx=Load())
Name(id='request', ctx=Load())
Name(id='iataCodeList', ctx=Store())
Name(id='iataCode', ctx=Load())
Name(id='iataCodeList', ctx=Load())
Name(id='params', ctx=Load())
Name(id='dict', ctx=Load())
Name(id='filtered_items', ctx=Store())
Name(id='statistics_result', ctx=Load())
Name(id='error', ctx=Store())
Name(id='uuid', ctx=Load())
Name(id='refresh_statistics_checklist', ctx=Load())
Name(id='flight_id', ctx=Load())
Name(id='refresh_statistics_headset', ctx=Load())
Name(id='flight_id', ctx=Load())
Name(id='rows', ctx=Load())
Name(id='error', ctx=Store())
Name(id='uuid', ctx=Load())
Name(id='request', ctx=Load())
Name(id='refresh_statistics_checklist_by_date', ctx=Load())
Name(id='startDate', ctx=Load())
Name(id='endDate', ctx=Load())
Name(id='refresh_statistics_headset_by_date', ctx=Load())
Name(id='startDate', ctx=Load())
Name(id='endDate', ctx=Load())
Name(id='rows', ctx=Load())
Name(id='error', ctx=Store())
Name(id='uuid', ctx=Load())
Name(id='flightItemIds', ctx=Load())
Name(id='error', ctx=Store())
Name(id='uuid', ctx=Load())
Name(id='str', ctx=Load())
Name(id='keyword_match_json', ctx=Store())
Name(id='err_code', ctx=Store())
Name(id='get_keyword_match_json', ctx=Load())
Name(id='id', ctx=Load())
Name(id='asrFiles', ctx=Load())
Name(id='iataCode', ctx=Load())
Name(id='keywords', ctx=Load())
Name(id='startTime', ctx=Load())
Name(id='endTime', ctx=Load())
Name(id='err_code', ctx=Load())
Name(id='failure', ctx=Load())
Name(id='err_code', ctx=Load())
Name(id='failure', ctx=Load())
Name(id='error', ctx=Store())
Name(id='failure', ctx=Store())
Name(id='uuid', ctx=Load())
Name(id='request', ctx=Load())
Name(id='startDate', ctx=Load())
Name(id='endDate', ctx=Load())
Name(id='asrFiles', ctx=Store())
Name(id='iataCode', ctx=Store())
Name(id='flight_item_id', ctx=Store())
Name(id='result', ctx=Load())
Name(id='error', ctx=Store())
Name(id='config_util', ctx=Load())
Name(id='config_util', ctx=Load())
Name(id='sop_dic', ctx=Load())
Name(id='key', ctx=Load())
Name(id='value', ctx=Load())
Name(id='value', ctx=Load())
Name(id='key1', ctx=Load())
Name(id='flight_id', ctx=Load())
Name(id='one_code_key', ctx=Load())
Name(id='_min', ctx=Load())
Name(id='_max', ctx=Load())
Name(id='sop_queryApi', ctx=Load())
Name(id='logger', ctx=Load())
Name(id='sop_config', ctx=Load())
Name(id='key', ctx=Load())
Name(id='flight_id', ctx=Load())
Name(id='total', ctx=Load())
Name(id='flight_id', ctx=Load())
Name(id='value', ctx=Load())
Name(id='env', ctx=Load())
Name(id='flight_id', ctx=Load())
Name(id='value', ctx=Load())
Name(id='unenv', ctx=Load())
Name(id='float', ctx=Load())
Name(id='env', ctx=Load())
Name(id='float', ctx=Load())
Name(id='unenv', ctx=Load())
Name(id='flight_id', ctx=Load())
Name(id='result', ctx=Load())
Name(id='os', ctx=Load())
Name(id='config_util', ctx=Load())
Name(id='total', ctx=Load())
Name(id='checked', ctx=Load())
Name(id='unenv', ctx=Load())
Name(id='float', ctx=Load())
Name(id='checked', ctx=Load())
Name(id='float', ctx=Load())
Name(id='unenv', ctx=Load())
Name(id='mgr_dict', ctx=Load())
Name(id='flight_id', ctx=Load())
Name(id='is_all_jumping_points_ok', ctx=Load())
Name(id='logger', ctx=Load())
Name(id='flight_id', ctx=Load())
Name(id='is_all_jumping_points_ok', ctx=Load())
Name(id='flight_id', ctx=Load())
Name(id='flight_id', ctx=Load())
Name(id='flight_id', ctx=Load())
Name(id='flight_id', ctx=Load())
Name(id='flight_id', ctx=Load())
Name(id='flight_id', ctx=Load())
Name(id='flight_id', ctx=Load())
Name(id='flight_id', ctx=Load())
Name(id='mergedtext_nlp', ctx=Load())
Name(id='flight_id', ctx=Load())
Name(id='flight_id', ctx=Load())
Name(id='mergedtext_nlp_without_env', ctx=Load())
Name(id='config_util', ctx=Load())
Name(id='sop_queryApi', ctx=Load())
Name(id='sop_queryApi', ctx=Load())
Name(id='logger', ctx=Load())
Name(id='SopKMApi', ctx=Load())
Name(id='logger', ctx=Load())
Name(id='logger', ctx=Load())
Name(id='SopKMApi', ctx=Load())
Name(id='logger', ctx=Load())
Name(id='mgr_dict', ctx=Load())
Name(id='mgr_dict', ctx=Load())
Name(id='mgr_dict', ctx=Load())
Name(id='sop_dic', ctx=Load())
Name(id='mgr_dict', ctx=Load())
Name(id='flight_id', ctx=Load())
Name(id='is_all_jumping_points_ok', ctx=Load())
Name(id='qarFile', ctx=Load())
Name(id='logger', ctx=Load())
Name(id='SOPReportsPath', ctx=Load())
Name(id='sop_dic', ctx=Load())
Name(id='logger', ctx=Load())
Name(id='mgr_dict', ctx=Load())
Name(id='mgr_dict', ctx=Load())
Name(id='failure', ctx=Load())
Name(id='mgr_dict', ctx=Load())
Name(id='flag', ctx=Load())
Name(id='failure', ctx=Store())
Name(id='failure', ctx=Load())
Name(id='flight_id', ctx=Load())
Name(id='os', ctx=Load())
Name(id='json', ctx=Load())
Name(id='dict', ctx=Load())
Name(id='mgr_dict_in_temp', ctx=Load())
Name(id='error', ctx=Load())
Name(id='flightnum', ctx=Load())
Name(id='flightnum', ctx=Load())
Name(id='logger', ctx=Load())
Name(id='error', ctx=Load())
Name(id='Exception', ctx=Load())
Name(id='error', ctx=Load())
Name(id='index', ctx=Store())
Name(id='value', ctx=Store())
Name(id='enumerate', ctx=Load())
Name(id='asrFiles', ctx=Load())
Name(id='isinstance', ctx=Load())
Name(id='qarFile', ctx=Load())
Name(id='str', ctx=Load())
Name(id='len', ctx=Load())
Name(id='qarFile', ctx=Load())
Name(id='logger', ctx=Load())
Name(id='iataCode', ctx=Load())
Name(id='qarFile', ctx=Load())
Name(id='qarFile', ctx=Load())
Name(id='error', ctx=Load())
Name(id='Exception', ctx=Load())
Name(id='error', ctx=Load())
Name(id='isinstance', ctx=Load())
Name(id='flightNum', ctx=Load())
Name(id='str', ctx=Load())
Name(id='len', ctx=Load())
Name(id='flightNum', ctx=Load())
Name(id='logger', ctx=Load())
Name(id='isinstance', ctx=Load())
Name(id='audioStartTime', ctx=Load())
Name(id='str', ctx=Load())
Name(id='len', ctx=Load())
Name(id='audioStartTime', ctx=Load())
Name(id='logger', ctx=Load())
Name(id='audioStartTime', ctx=Load())
Name(id='t_start', ctx=Load())
Name(id='os', ctx=Load())
Name(id='config_util', ctx=Load())
Name(id='config_util', ctx=Load())
Name(id='os', ctx=Load())
Name(id='config_util', ctx=Load())
Name(id='config_util', ctx=Load())
Name(id='os', ctx=Load())
Name(id='config_util', ctx=Load())
Name(id='config_util', ctx=Load())
Name(id='os', ctx=Load())
Name(id='config_util', ctx=Load())
Name(id='config_util', ctx=Load())
Name(id='sub_folder', ctx=Load())
Name(id='sub_folder', ctx=Load())
Name(id='str', ctx=Load())
Name(id='par_err', ctx=Load())
Name(id='logger', ctx=Load())
Name(id='logger', ctx=Load())
Name(id='get_encoding_type', ctx=Load())
Name(id='get_encoding_type', ctx=Load())
Name(id='sop_result_file', ctx=Load())
Name(id='flight_sop', ctx=Load())
Name(id='sop_item', ctx=Load())
Name(id='config_util', ctx=Load())
Name(id='checklist_list', ctx=Load())
Name(id='checklist_list', ctx=Load())
Name(id='sop_item', ctx=Load())
Name(id='sop_list', ctx=Load())
Name(id='standard_word_fail', ctx=Load())
Name(id='sheet_name_list', ctx=Load())
Name(id='warnings', ctx=Load())
Name(id='int', ctx=Load())
Name(id='len', ctx=Load())
Name(id='asrFiles', ctx=Load())
Name(id='get_encoding_type', ctx=Load())
Name(id='pm', ctx=Load())
Name(id='get_encoding_type', ctx=Load())
Name(id='pf', ctx=Load())
Name(id='len', ctx=Load())
Name(id='asr_parse_org_without_env', ctx=Load())
Name(id='len', ctx=Load())
Name(id='asr_parse', ctx=Load())
Name(id='len', ctx=Load())
Name(id='asr_parse_org', ctx=Load())
Name(id='os', ctx=Load())
Name(id='json', ctx=Load())
Name(id='len', ctx=Load())
Name(id='mgr_list', ctx=Load())
Name(id='task_status', ctx=Store())
Name(id='num_task', ctx=Store())
Name(id='i', ctx=Load())
Name(id='mgr_list', ctx=Load())
Name(id='j', ctx=Load())
Name(id='upid', ctx=Load())
Name(id='task_id', ctx=Load())
Name(id='num_task', ctx=Store())
Name(id='j', ctx=Load())
Name(id='flag', ctx=Store())
Name(id='task', ctx=Load())
Name(id='task', ctx=Load())
Name(id='logger', ctx=Load())
Name(id='logger', ctx=Load())
Name(id='logger', ctx=Load())
Name(id='num_task', ctx=Load())
Name(id='flight_id', ctx=Store())
Name(id='error', ctx=Store())
Name(id='asrFiles', ctx=Store())
Name(id='qarFile', ctx=Store())
Name(id='flightNum', ctx=Store())
Name(id='KM_audioStartTime', ctx=Store())
Name(id='audioStartTime', ctx=Store())
Name(id='jumpresultPath', ctx=Store())
Name(id='mergedtextPath', ctx=Store())
Name(id='SOPReportsPath', ctx=Store())
Name(id='SOPReportsSimplePath', ctx=Store())
Name(id='iataCode', ctx=Store())
Name(id='sopType', ctx=Store())
Name(id='parseJson', ctx=Load())
Name(id='data', ctx=Load())
Name(id='data', ctx=Store())
Name(id='response', ctx=Store())
Name(id='data', ctx=Store())
Name(id='response', ctx=Store())
Name(id='iataCode', ctx=Load())
Name(id='sopType', ctx=Load())
Name(id='error', ctx=Load())
Name(id='process', ctx=Store())
Name(id='task', ctx=Store())
Name(id='data', ctx=Store())
Name(id='process', ctx=Load())
Name(id='response', ctx=Store())
Name(id='data', ctx=Store())
Name(id='response', ctx=Store())
Name(id='responseFormat', ctx=Load())
Name(id='data', ctx=Load())
Name(id='responseFormat', ctx=Load())
Name(id='data', ctx=Load())
Name(id='logger', ctx=Load())
Name(id='task_id', ctx=Load())
Name(id='Exception', ctx=Load())
Name(id='logger', ctx=Load())
Name(id='task_id', ctx=Load())
Name(id='error_msg', ctx=Store())
Name(id='response', ctx=Store())
Name(id='response', ctx=Store())
Name(id='dict', ctx=Load())
Name(id='response', ctx=Load())
Name(id='data', ctx=Store())
Name(id='data', ctx=Store())
Name(id='responseFormat', ctx=Load())
Name(id='data', ctx=Load())
Name(id='data', ctx=Store())
Name(id='response', ctx=Store())
Name(id='response', ctx=Load())
Name(id='responseFormat', ctx=Load())
Name(id='data', ctx=Load())
Name(id='pro_name', ctx=Store())
Name(id='task_position', ctx=Store())
Name(id='killpro', ctx=Load())
Name(id='task_id', ctx=Load())
Name(id='error', ctx=Load())
Name(id='responseFormat', ctx=Load())
Name(id='data', ctx=Load())
Name(id='data', ctx=Load())
Name(id='logger', ctx=Load())
Name(id='task_id', ctx=Load())
Name(id='data', ctx=Store())
Name(id='data', ctx=Store())
Name(id='dict', ctx=Load())
Name(id='error', ctx=Load())
Name(id='responseFormat', ctx=Load())
Name(id='data', ctx=Load())
Name(id='time', ctx=Load())
Name(id='time', ctx=Load())
Name(id='logger', ctx=Load())
Name(id='logger', ctx=Load())
Name(id='request', ctx=Load())
Name(id='logger', ctx=Load())
Name(id='data', ctx=Load())
Name(id='data', ctx=Load())
Name(id='data', ctx=Load())
Name(id='data', ctx=Load())
Name(id='data', ctx=Load())
Name(id='iataCodeList', ctx=Store())
Name(id='sopType', ctx=Load())
Name(id='sopType', ctx=Load())
Name(id='sop_queryApi', ctx=Load())
Name(id='start_date', ctx=Load())
Name(id='end_date', ctx=Load())
Name(id='departmentCode', ctx=Load())
Name(id='workerNo', ctx=Load())
Name(id='iataCodeList', ctx=Load())
Name(id='sopType', ctx=Load())
Name(id='simpleType', ctx=Load())
Name(id='logger', ctx=Load())
Name(id='time', ctx=Load())
Name(id='logger', ctx=Load())
Name(id='start_date', ctx=Load())
Name(id='end_date', ctx=Load())
Name(id='len', ctx=Load())
Name(id='iataCodeList', ctx=Load())
Name(id='current_iataCode', ctx=Store())
Name(id='current_sopType', ctx=Store())
Name(id='current_iataCode', ctx=Load())
Name(id='start_date_short', ctx=Load())
Name(id='end_date_short', ctx=Load())
Name(id='iataCodeList', ctx=Load())
Name(id='sopType', ctx=Load())
Name(id='simpleType', ctx=Load())
Name(id='time', ctx=Load())
Name(id='logger', ctx=Load())
Name(id='time', ctx=Load())
Name(id='logger', ctx=Load())
Name(id='report_file_name', ctx=Load())
Name(id='task_id', ctx=Load())
Name(id='start_date', ctx=Load())
Name(id='end_date', ctx=Load())
Name(id='logger', ctx=Load())
Name(id='error', ctx=Load())
Name(id='time', ctx=Load())
Name(id='logger', ctx=Load())
Name(id='logger', ctx=Load())
Name(id='request', ctx=Load())
Name(id='logger', ctx=Load())
Name(id='data', ctx=Load())
Name(id='data', ctx=Load())
Name(id='data', ctx=Load())
Name(id='data', ctx=Load())
Name(id='data', ctx=Load())
Name(id='iataCodeList', ctx=Store())
Name(id='sop_queryApi', ctx=Load())
Name(id='keyword_config', ctx=Load())
Name(id='keyword_config', ctx=Load())
Name(id='sop_queryApi', ctx=Load())
Name(id='start_date', ctx=Load())
Name(id='end_date', ctx=Load())
Name(id='departmentCode', ctx=Load())
Name(id='workerNo', ctx=Load())
Name(id='iataCodeList', ctx=Load())
Name(id='sopType', ctx=Load())
Name(id='simpleType', ctx=Load())
Name(id='logger', ctx=Load())
Name(id='logger', ctx=Load())
Name(id='logger', ctx=Load())
Name(id='start_date', ctx=Load())
Name(id='end_date', ctx=Load())
Name(id='start_date_short', ctx=Load())
Name(id='end_date_short', ctx=Load())
Name(id='len', ctx=Load())
Name(id='iataCodeList', ctx=Load())
Name(id='current_iataCode', ctx=Store())
Name(id='current_sopType', ctx=Store())
Name(id='current_iataCode', ctx=Load())
Name(id='flight_list', ctx=Load())
Name(id='report_file_name', ctx=Load())
Name(id='sopType', ctx=Load())
Name(id='simpleType', ctx=Load())
Name(id='keywords', ctx=Load())
Name(id='time', ctx=Load())
Name(id='logger', ctx=Load())
Name(id='report_file_name', ctx=Load())
Name(id='task_id', ctx=Load())
Name(id='start_date', ctx=Load())
Name(id='end_date', ctx=Load())
Name(id='logger', ctx=Load())
Name(id='error', ctx=Load())
Name(id='error', ctx=Load())
Name(id='time', ctx=Load())
Name(id='logger', ctx=Load())
Name(id='logger', ctx=Load())
Name(id='request', ctx=Load())
Name(id='logger', ctx=Load())
Name(id='data', ctx=Load())
Name(id='data', ctx=Load())
Name(id='data', ctx=Load())
Name(id='data', ctx=Load())
Name(id='data', ctx=Load())
Name(id='iataCodeList', ctx=Store())
Name(id='sop_queryApi', ctx=Load())
Name(id='start_date', ctx=Load())
Name(id='end_date', ctx=Load())
Name(id='departmentCode', ctx=Load())
Name(id='workerNo', ctx=Load())
Name(id='iataCodeList', ctx=Load())
Name(id='sopType', ctx=Load())
Name(id='simpleType', ctx=Load())
Name(id='start_date', ctx=Load())
Name(id='end_date', ctx=Load())
Name(id='start_date_short', ctx=Load())
Name(id='end_date_short', ctx=Load())
Name(id='len', ctx=Load())
Name(id='iataCodeList', ctx=Load())
Name(id='current_iataCode', ctx=Store())
Name(id='current_sopType', ctx=Store())
Name(id='current_iataCode', ctx=Load())
Name(id='iataCodeList', ctx=Load())
Name(id='sopType', ctx=Load())
Name(id='simpleType', ctx=Load())
Name(id='time', ctx=Load())
Name(id='logger', ctx=Load())
Name(id='report_file_name', ctx=Load())
Name(id='task_id', ctx=Load())
Name(id='start_date', ctx=Load())
Name(id='end_date', ctx=Load())
Name(id='logger', ctx=Load())
Name(id='error', ctx=Load())
Name(id='error', ctx=Load())
Name(id='time', ctx=Load())
Name(id='logger', ctx=Load())
Name(id='logger', ctx=Load())
Name(id='logger', ctx=Load())
Name(id='data', ctx=Load())
Name(id='iataCodeList', ctx=Store())
Name(id='str', ctx=Load())
Name(id='str', ctx=Load())
Name(id='sop_queryApi', ctx=Load())
Name(id='logger', ctx=Load())
Name(id='error', ctx=Load())
Name(id='error', ctx=Load())
Name(id='time', ctx=Load())
Name(id='logger', ctx=Load())
Name(id='logger', ctx=Load())
Name(id='request', ctx=Load())
Name(id='logger', ctx=Load())
Name(id='data', ctx=Load())
Name(id='data', ctx=Load())
Name(id='data', ctx=Load())
Name(id='data', ctx=Load())
Name(id='data', ctx=Load())
Name(id='iataCodeList', ctx=Store())
Name(id='sop_queryApi', ctx=Load())
Name(id='start_date', ctx=Load())
Name(id='end_date', ctx=Load())
Name(id='departmentCode', ctx=Load())
Name(id='workerNo', ctx=Load())
Name(id='iataCodeList', ctx=Load())
Name(id='sopType', ctx=Load())
Name(id='simpleType', ctx=Load())
Name(id='logger', ctx=Load())
Name(id='start_date', ctx=Load())
Name(id='end_date', ctx=Load())
Name(id='len', ctx=Load())
Name(id='iataCodeList', ctx=Load())
Name(id='current_iataCode', ctx=Store())
Name(id='current_sopType', ctx=Store())
Name(id='current_iataCode', ctx=Load())
Name(id='sopType', ctx=Load())
Name(id='simpleType', ctx=Load())
Name(id='sopType', ctx=Load())
Name(id='simpleType', ctx=Load())
Name(id='logger', ctx=Load())
Name(id='time', ctx=Load())
Name(id='logger', ctx=Load())
Name(id='report_file_name', ctx=Load())
Name(id='task_id', ctx=Load())
Name(id='start_date', ctx=Load())
Name(id='end_date', ctx=Load())
Name(id='logger', ctx=Load())
Name(id='error', ctx=Load())
Name(id='error', ctx=Load())
Name(id='time', ctx=Load())
Name(id='logger', ctx=Load())
Name(id='logger', ctx=Load())
Name(id='logger', ctx=Load())
Name(id='data', ctx=Load())
Name(id='iataCodeList', ctx=Store())
Name(id='str', ctx=Load())
Name(id='str', ctx=Load())
Name(id='sop_queryApi', ctx=Load())
Name(id='item', ctx=Load())
Name(id='statistics_result', ctx=Load())
Name(id='gap', ctx=Load())
Name(id='filtered_items', ctx=Load())
Name(id='logger', ctx=Load())
Name(id='error', ctx=Load())
Name(id='logger', ctx=Load())
Name(id='logger', ctx=Load())
Name(id='logger', ctx=Load())
Name(id='error', ctx=Load())
Name(id='logger', ctx=Load())
Name(id='logger', ctx=Load())
Name(id='logger', ctx=Load())
Name(id='data', ctx=Load())
Name(id='data', ctx=Load())
Name(id='error', ctx=Load())
Name(id='logger', ctx=Load())
Name(id='logger', ctx=Load())
Name(id='request', ctx=Load())
Name(id='logger', ctx=Load())
Name(id='data', ctx=Load())
Name(id='sop_queryApi', ctx=Load())
Name(id='error', ctx=Load())
Name(id='time', ctx=Load())
Name(id='time', ctx=Load())
Name(id='logger', ctx=Load())
Name(id='logger', ctx=Load())
Name(id='request', ctx=Load())
Name(id='logger', ctx=Load())
Name(id='data', ctx=Load())
Name(id='data', ctx=Load())
Name(id='data', ctx=Load())
Name(id='data', ctx=Load())
Name(id='data', ctx=Load())
Name(id='time', ctx=Load())
Name(id='logger', ctx=Load())
Name(id='keyword_match_json', ctx=Load())
Name(id='task_id', ctx=Load())
Name(id='err_code', ctx=Load())
Name(id='logger', ctx=Load())
Name(id='error', ctx=Load())
Name(id='logger', ctx=Load())
Name(id='logger', ctx=Load())
Name(id='logger', ctx=Load())
Name(id='data', ctx=Load())
Name(id='data', ctx=Load())
Name(id='sop_queryApi', ctx=Load())
Name(id='sop_queryApi', ctx=Load())
Name(id='one_row', ctx=Load())
Name(id='one_row', ctx=Load())
Name(id='one_row', ctx=Load())
Name(id='keyword_match_json', ctx=Store())
Name(id='err_code', ctx=Store())
Name(id='get_keyword_match_json', ctx=Load())
Name(id='flight_item_id', ctx=Load())
Name(id='asrFiles', ctx=Load())
Name(id='iataCode', ctx=Load())
Name(id='err_code', ctx=Load())
Name(id='error', ctx=Load())
Name(id='value1', ctx=Load())
Name(id='checklist_list', ctx=Load())
Name(id='one_sheet_name', ctx=Load())
Name(id='_min', ctx=Store())
Name(id='_max', ctx=Store())
Name(id='flight_id', ctx=Load())
Name(id='result', ctx=Load())
Name(id='config_util', ctx=Load())
Name(id='os', ctx=Load())
Name(id='get_encoding_type', ctx=Load())
Name(id='sopFileName', ctx=Load())
Name(id='flight_id', ctx=Load())
Name(id='config_util', ctx=Load())
Name(id='config_util', ctx=Load())
Name(id='config_util', ctx=Load())
Name(id='config_util', ctx=Load())
Name(id='config_util', ctx=Load())
Name(id='flight_id', ctx=Load())
Name(id='flight_id', ctx=Load())
Name(id='flight_id', ctx=Load())
Name(id='flight_id', ctx=Load())
Name(id='sop_dic', ctx=Load())
Name(id='sop_dic', ctx=Load())
Name(id='str', ctx=Load())
Name(id='flight_id', ctx=Load())
Name(id='sop_dic', ctx=Load())
Name(id='flight_id', ctx=Load())
Name(id='flight_id', ctx=Load())
Name(id='flight_id', ctx=Load())
Name(id='logger', ctx=Load())
Name(id='failure', ctx=Load())
Name(id='mgr_dict', ctx=Load())
Name(id='flag', ctx=Load())
Name(id='failure', ctx=Store())
Name(id='failure', ctx=Load())
Name(id='json', ctx=Load())
Name(id='dict', ctx=Load())
Name(id='mgr_dict', ctx=Load())
Name(id='str', ctx=Load())
Name(id='par_err', ctx=Load())
Name(id='logger', ctx=Load())
Name(id='logger', ctx=Load())
Name(id='config_util', ctx=Load())
Name(id='len', ctx=Load())
Name(id='asrFiles', ctx=Load())
Name(id='len', ctx=Load())
Name(id='asrFiles', ctx=Load())
Name(id='len', ctx=Load())
Name(id='asrFiles', ctx=Load())
Name(id='logger', ctx=Load())
Name(id='iataCode', ctx=Load())
Name(id='iataCode', ctx=Load())
Name(id='error', ctx=Store())
Name(id='os', ctx=Load())
Name(id='config_util', ctx=Load())
Name(id='os', ctx=Load())
Name(id='logger', ctx=Load())
Name(id='datetime', ctx=Load())
Name(id='os', ctx=Load())
Name(id='str', ctx=Load())
Name(id='par_err', ctx=Load())
Name(id='config_util', ctx=Load())
Name(id='sop_meta', ctx=Load())
Name(id='tag', ctx=Load())
Name(id='duration_check_count', ctx=Load())
Name(id='item', ctx=Load())
Name(id='duration_check_name_dict', ctx=Load())
Name(id='key', ctx=Load())
Name(id='get_encoding_type', ctx=Load())
Name(id='pm', ctx=Load())
Name(id='upid', ctx=Load())
Name(id='mgr_list', ctx=Load())
Name(id='i', ctx=Load())
Name(id='task_status', ctx=Load())
Name(id='num_task', ctx=Store())
Name(id='i', ctx=Load())
Name(id='num_task', ctx=Store())
Name(id='mgr_list', ctx=Load())
Name(id='j', ctx=Load())
Name(id='task', ctx=Load())
Name(id='task_list', ctx=Load())
Name(id='logger', ctx=Load())
Name(id='request', ctx=Load())
Name(id='logger', ctx=Load())
Name(id='data', ctx=Load())
Name(id='iataCode', ctx=Load())
Name(id='iataCode', ctx=Load())
Name(id='responseFormat', ctx=Load())
Name(id='data', ctx=Load())
Name(id='sopType', ctx=Load())
Name(id='sopType', ctx=Load())
Name(id='responseFormat', ctx=Load())
Name(id='data', ctx=Load())
Name(id='config_util', ctx=Load())
Name(id='logger', ctx=Load())
Name(id='logger', ctx=Load())
Name(id='logger', ctx=Load())
Name(id='logger', ctx=Load())
Name(id='logger', ctx=Load())
Name(id='logger', ctx=Load())
Name(id='logger', ctx=Load())
Name(id='logger', ctx=Load())
Name(id='logger', ctx=Load())
Name(id='logger', ctx=Load())
Name(id='pcon', ctx=Store())
Name(id='ccon', ctx=Store())
Name(id='task_info', ctx=Load())
Name(id='task', ctx=Load())
Name(id='task_info', ctx=Load())
Name(id='task_info', ctx=Load())
Name(id='responseFormat', ctx=Load())
Name(id='data', ctx=Load())
Name(id='responseFormat', ctx=Load())
Name(id='data', ctx=Load())
Name(id='logger', ctx=Load())
Name(id='data', ctx=Load())
Name(id='logger', ctx=Load())
Name(id='task_id', ctx=Load())
Name(id='task_id', ctx=Load())
Name(id='re', ctx=Load())
Name(id='logger', ctx=Load())
Name(id='task_id', ctx=Load())
Name(id='num_task', ctx=Load())
Name(id='logger', ctx=Load())
Name(id='resfile', ctx=Load())
Name(id='error_msg', ctx=Load())
Name(id='error_msg', ctx=Load())
Name(id='res_f', ctx=Store())
Name(id='response', ctx=Store())
Name(id='mgr_list', ctx=Load())
Name(id='num_task', ctx=Load())
Name(id='response', ctx=Load())
Name(id='pro_name', ctx=Store())
Name(id='task_position', ctx=Store())
Name(id='killpro', ctx=Load())
Name(id='task_id', ctx=Load())
Name(id='pro_name', ctx=Store())
Name(id='task_position', ctx=Store())
Name(id='killpro', ctx=Load())
Name(id='task_id', ctx=Load())
Name(id='data', ctx=Store())
Name(id='task', ctx=Store())
Name(id='task_list', ctx=Load())
Name(id='response', ctx=Store())
Name(id='response', ctx=Load())
Name(id='response', ctx=Load())
Name(id='pro_name', ctx=Store())
Name(id='task_position', ctx=Store())
Name(id='killpro', ctx=Load())
Name(id='task_id', ctx=Load())
Name(id='responseFormat', ctx=Load())
Name(id='data', ctx=Load())
Name(id='logger', ctx=Load())
Name(id='logger', ctx=Load())
Name(id='logger', ctx=Load())
Name(id='logger', ctx=Load())
Name(id='logger', ctx=Load())
Name(id='logger', ctx=Load())
Name(id='pro_name', ctx=Load())
Name(id='task_position', ctx=Load())
Name(id='task_position', ctx=Load())
Name(id='logger', ctx=Load())
Name(id='task_id', ctx=Load())
Name(id='task_id', ctx=Load())
Name(id='logger', ctx=Load())
Name(id='task_id', ctx=Load())
Name(id='resfile', ctx=Load())
Name(id='task_id', ctx=Load())
Name(id='res_f', ctx=Store())
Name(id='res', ctx=Store())
Name(id='task_id', ctx=Load())
Name(id='mgr_list', ctx=Load())
Name(id='num_task', ctx=Load())
Name(id='res', ctx=Load())
Name(id='task_id', ctx=Load())
Name(id='task_id', ctx=Load())
Name(id='logger', ctx=Load())
Name(id='task_id', ctx=Load())
Name(id='task_id', ctx=Load())
Name(id='task_id', ctx=Load())
Name(id='data', ctx=Load())
Name(id='data', ctx=Load())
Name(id='data', ctx=Load())
Name(id='type', ctx=Load())
Name(id='iataCode', ctx=Load())
Name(id='iataCode', ctx=Load())
Name(id='iataCode', ctx=Load())
Name(id='sopType', ctx=Load())
Name(id='logger', ctx=Load())
Name(id='task_id', ctx=Load())
Name(id='task_id', ctx=Load())
Name(id='config_util', ctx=Load())
Name(id='iataCodeList', ctx=Load())
Name(id='task_id', ctx=Load())
Name(id='task_id', ctx=Load())
Name(id='logger', ctx=Load())
Name(id='task_id', ctx=Load())
Name(id='error', ctx=Load())
Name(id='task_id', ctx=Load())
Name(id='task_id', ctx=Load())
Name(id='task_id', ctx=Load())
Name(id='data', ctx=Load())
Name(id='data', ctx=Load())
Name(id='data', ctx=Load())
Name(id='type', ctx=Load())
Name(id='iataCode', ctx=Load())
Name(id='iataCode', ctx=Load())
Name(id='iataCode', ctx=Load())
Name(id='len', ctx=Load())
Name(id='iataCodeList', ctx=Load())
Name(id='iataCodeList', ctx=Load())
Name(id='list', ctx=Load())
Name(id='iataCodeList', ctx=Load())
Name(id='task_id', ctx=Load())
Name(id='keywords', ctx=Load())
Name(id='task_id', ctx=Load())
Name(id='task_id', ctx=Load())
Name(id='config_util', ctx=Load())
Name(id='iataCodeList', ctx=Load())
Name(id='iataCodeList', ctx=Load())
Name(id='task_id', ctx=Load())
Name(id='task_id', ctx=Load())
Name(id='logger', ctx=Load())
Name(id='task_id', ctx=Load())
Name(id='task_id', ctx=Load())
Name(id='task_id', ctx=Load())
Name(id='data', ctx=Load())
Name(id='data', ctx=Load())
Name(id='data', ctx=Load())
Name(id='type', ctx=Load())
Name(id='iataCode', ctx=Load())
Name(id='iataCode', ctx=Load())
Name(id='iataCode', ctx=Load())
Name(id='config_util', ctx=Load())
Name(id='iataCodeList', ctx=Load())
Name(id='task_id', ctx=Load())
Name(id='task_id', ctx=Load())
Name(id='logger', ctx=Load())
Name(id='task_id', ctx=Load())
Name(id='task_id', ctx=Load())
Name(id='task_id', ctx=Load())
Name(id='data', ctx=Load())
Name(id='type', ctx=Load())
Name(id='iataCode', ctx=Load())
Name(id='iataCode', ctx=Load())
Name(id='iataCode', ctx=Load())
Name(id='data', ctx=Load())
Name(id='data', ctx=Load())
Name(id='data', ctx=Load())
Name(id='data', ctx=Load())
Name(id='task_id', ctx=Load())
Name(id='logger', ctx=Load())
Name(id='task_id', ctx=Load())
Name(id='data', ctx=Load())
Name(id='data', ctx=Load())
Name(id='data', ctx=Load())
Name(id='type', ctx=Load())
Name(id='iataCode', ctx=Load())
Name(id='iataCode', ctx=Load())
Name(id='iataCode', ctx=Load())
Name(id='task_id', ctx=Load())
Name(id='config_util', ctx=Load())
Name(id='iataCodeList', ctx=Load())
Name(id='iataCodeList', ctx=Load())
Name(id='start_date_short', ctx=Load())
Name(id='iataCodeList', ctx=Load())
Name(id='task_id', ctx=Load())
Name(id='report_file_name', ctx=Load())
Name(id='task_id', ctx=Load())
Name(id='uuid', ctx=Load())
Name(id='task_id', ctx=Load())
Name(id='task_id', ctx=Load())
Name(id='logger', ctx=Load())
Name(id='task_id', ctx=Load())
Name(id='task_id', ctx=Load())
Name(id='task_id', ctx=Load())
Name(id='data', ctx=Load())
Name(id='type', ctx=Load())
Name(id='iataCode', ctx=Load())
Name(id='iataCode', ctx=Load())
Name(id='iataCode', ctx=Load())
Name(id='data', ctx=Load())
Name(id='data', ctx=Load())
Name(id='data', ctx=Load())
Name(id='data', ctx=Load())
Name(id='item', ctx=Store())
Name(id='data', ctx=Load())
Name(id='task_id', ctx=Load())
Name(id='task_id', ctx=Load())
Name(id='logger', ctx=Load())
Name(id='task_id', ctx=Load())
Name(id='task_id', ctx=Load())
Name(id='task_id', ctx=Load())
Name(id='flight_id', ctx=Load())
Name(id='task_id', ctx=Load())
Name(id='logger', ctx=Load())
Name(id='task_id', ctx=Load())
Name(id='task_id', ctx=Load())
Name(id='task_id', ctx=Load())
Name(id='data', ctx=Load())
Name(id='task_id', ctx=Load())
Name(id='logger', ctx=Load())
Name(id='task_id', ctx=Load())
Name(id='task_id', ctx=Load())
Name(id='task_id', ctx=Load())
Name(id='data', ctx=Load())
Name(id='task_id', ctx=Load())
Name(id='logger', ctx=Load())
Name(id='task_id', ctx=Load())
Name(id='task_id', ctx=Load())
Name(id='task_id', ctx=Load())
Name(id='data', ctx=Load())
Name(id='data', ctx=Load())
Name(id='task_id', ctx=Load())
Name(id='task_id', ctx=Load())
Name(id='logger', ctx=Load())
Name(id='error', ctx=Load())
Name(id='task_id', ctx=Load())
Name(id='task_id', ctx=Load())
Name(id='task_id', ctx=Load())
Name(id='data', ctx=Load())
Name(id='keyword_config', ctx=Load())
Name(id='iataCode', ctx=Load())
Name(id='keyword_match_json', ctx=Load())
Name(id='task_id', ctx=Load())
Name(id='logger', ctx=Load())
Name(id='value1', ctx=Load())
Name(id='_min', ctx=Load())
Name(id='float', ctx=Load())
Name(id='_max', ctx=Load())
Name(id='float', ctx=Load())
Name(id='sop_config', ctx=Load())
Name(id='key', ctx=Load())
Name(id='config_util', ctx=Load())
Name(id='config_util', ctx=Load())
Name(id='config_util', ctx=Load())
Name(id='config_util', ctx=Load())
Name(id='config_util', ctx=Load())
Name(id='config_util', ctx=Load())
Name(id='sop_dic', ctx=Load())
Name(id='os', ctx=Load())
Name(id='str', ctx=Load())
Name(id='post_error', ctx=Load())
Name(id='flight_id', ctx=Load())
Name(id='flight_id', ctx=Load())
Name(id='logger', ctx=Load())
Name(id='failure', ctx=Load())
Name(id='mgr_dict', ctx=Load())
Name(id='flag', ctx=Load())
Name(id='failure', ctx=Store())
Name(id='failure', ctx=Load())
Name(id='failure', ctx=Store())
Name(id='failure', ctx=Load())
Name(id='traceback', ctx=Load())
Name(id='str', ctx=Load())
Name(id='par_err', ctx=Load())
Name(id='flightnum', ctx=Load())
Name(id='os', ctx=Load())
Name(id='config_util', ctx=Load())
Name(id='config_util', ctx=Load())
Name(id='len', ctx=Load())
Name(id='value', ctx=Load())
Name(id='asrFiles', ctx=Load())
Name(id='index', ctx=Load())
Name(id='textDecodedPath', ctx=Load())
Name(id='error', ctx=Store())
Name(id='value', ctx=Load())
Name(id='error', ctx=Load())
Name(id='Exception', ctx=Load())
Name(id='error', ctx=Load())
Name(id='os', ctx=Load())
Name(id='datetime', ctx=Load())
Name(id='iataCode', ctx=Load())
Name(id='sopType', ctx=Load())
Name(id='audioStartTime', ctx=Load())
Name(id='os', ctx=Load())
Name(id='traceback', ctx=Load())
Name(id='sop_meta', ctx=Load())
Name(id='tag', ctx=Load())
Name(id='duration_check_count', ctx=Load())
Name(id='item', ctx=Load())
Name(id='mgr_list', ctx=Load())
Name(id='i', ctx=Load())
Name(id='i', ctx=Load())
Name(id='index', ctx=Load())
Name(id='task', ctx=Load())
Name(id='config_util', ctx=Load())
Name(id='iataCode', ctx=Load())
Name(id='logger', ctx=Load())
Name(id='data', ctx=Load())
Name(id='sopType', ctx=Load())
Name(id='logger', ctx=Load())
Name(id='data', ctx=Load())
Name(id='flight_id', ctx=Load())
Name(id='error', ctx=Load())
Name(id='flight_id', ctx=Load())
Name(id='logger', ctx=Load())
Name(id='flight_id', ctx=Load())
Name(id='qarFile', ctx=Load())
Name(id='flight_id', ctx=Load())
Name(id='flightNum', ctx=Load())
Name(id='flight_id', ctx=Load())
Name(id='KM_audioStartTime', ctx=Load())
Name(id='flight_id', ctx=Load())
Name(id='audioStartTime', ctx=Load())
Name(id='flight_id', ctx=Load())
Name(id='jumpresultPath', ctx=Load())
Name(id='flight_id', ctx=Load())
Name(id='mergedtextPath', ctx=Load())
Name(id='flight_id', ctx=Load())
Name(id='SOPReportsPath', ctx=Load())
Name(id='flight_id', ctx=Load())
Name(id='SOPReportsSimplePath', ctx=Load())
Name(id='multiprocessing', ctx=Load())
Name(id='multiprocessing', ctx=Load())
Name(id='postTask', ctx=Load())
Name(id='process', ctx=Load())
Name(id='ccon', ctx=Load())
Name(id='task', ctx=Load())
Name(id='task_list', ctx=Load())
Name(id='logger', ctx=Load())
Name(id='logger', ctx=Load())
Name(id='str', ctx=Load())
Name(id='pro_err', ctx=Load())
Name(id='str', ctx=Load())
Name(id='pro_err', ctx=Load())
Name(id='task_id', ctx=Load())
Name(id='mgr', ctx=Load())
Name(id='task_id', ctx=Load())
Name(id='task_id', ctx=Load())
Name(id='logger', ctx=Load())
Name(id='open', ctx=Load())
Name(id='resfile', ctx=Load())
Name(id='response', ctx=Load())
Name(id='logger', ctx=Load())
Name(id='logger', ctx=Load())
Name(id='pro_name', ctx=Load())
Name(id='task_position', ctx=Load())
Name(id='task_position', ctx=Load())
Name(id='logger', ctx=Load())
Name(id='logger', ctx=Load())
Name(id='pro_name', ctx=Load())
Name(id='task_position', ctx=Load())
Name(id='responseFormat', ctx=Load())
Name(id='data', ctx=Load())
Name(id='response', ctx=Load())
Name(id='logger', ctx=Load())
Name(id='response', ctx=Load())
Name(id='logger', ctx=Load())
Name(id='logger', ctx=Load())
Name(id='pro_name', ctx=Load())
Name(id='task_position', ctx=Load())
Name(id='task_position', ctx=Load())
Name(id='response', ctx=Load())
Name(id='task_id', ctx=Load())
Name(id='task_id', ctx=Load())
Name(id='data', ctx=Load())
Name(id='task_id', ctx=Load())
Name(id='logger', ctx=Load())
Name(id='pro_name', ctx=Load())
Name(id='task_position', ctx=Load())
Name(id='pro_name', ctx=Load())
Name(id='task_list', ctx=Load())
Name(id='logger', ctx=Load())
Name(id='logger', ctx=Load())
Name(id='task_id', ctx=Load())
Name(id='task_list', ctx=Load())
Name(id='logger', ctx=Load())
Name(id='str', ctx=Load())
Name(id='get_err', ctx=Load())
Name(id='error', ctx=Load())
Name(id='open', ctx=Load())
Name(id='resfile', ctx=Load())
Name(id='str', ctx=Load())
Name(id='err_err', ctx=Load())
Name(id='error', ctx=Load())
Name(id='iataCode', ctx=Load())
Name(id='data', ctx=Load())
Name(id='len', ctx=Load())
Name(id='sop_list', ctx=Load())
Name(id='time_2', ctx=Load())
Name(id='time_1', ctx=Load())
Name(id='config_util', ctx=Load())
Name(id='iataCodeList', ctx=Load())
Name(id='time_2', ctx=Load())
Name(id='time_1', ctx=Load())
Name(id='api_end', ctx=Load())
Name(id='api_begin', ctx=Load())
Name(id='str', ctx=Load())
Name(id='e', ctx=Load())
Name(id='traceback', ctx=Load())
Name(id='iataCode', ctx=Load())
Name(id='len', ctx=Load())
Name(id='keywords', ctx=Load())
Name(id='len', ctx=Load())
Name(id='flight_list', ctx=Load())
Name(id='api_end', ctx=Load())
Name(id='api_begin', ctx=Load())
Name(id='str', ctx=Load())
Name(id='e', ctx=Load())
Name(id='iataCode', ctx=Load())
Name(id='api_end', ctx=Load())
Name(id='api_begin', ctx=Load())
Name(id='str', ctx=Load())
Name(id='e', ctx=Load())
Name(id='iataCode', ctx=Load())
Name(id='data', ctx=Load())
Name(id='data', ctx=Load())
Name(id='api_begin', ctx=Load())
Name(id='str', ctx=Load())
Name(id='e', ctx=Load())
Name(id='iataCode', ctx=Load())
Name(id='len', ctx=Load())
Name(id='sop_list', ctx=Load())
Name(id='api_end', ctx=Load())
Name(id='api_begin', ctx=Load())
Name(id='str', ctx=Load())
Name(id='e', ctx=Load())
Name(id='iataCode', ctx=Load())
Name(id='data', ctx=Load())
Name(id='data', ctx=Load())
Name(id='gap', ctx=Load())
Name(id='filtered_items', ctx=Load())
Name(id='api_begin', ctx=Load())
Name(id='str', ctx=Load())
Name(id='e', ctx=Load())
Name(id='error', ctx=Load())
Name(id='str', ctx=Load())
Name(id='e', ctx=Load())
Name(id='error', ctx=Load())
Name(id='str', ctx=Load())
Name(id='e', ctx=Load())
Name(id='error', ctx=Load())
Name(id='str', ctx=Load())
Name(id='e', ctx=Load())
Name(id='error', ctx=Load())
Name(id='time_2', ctx=Load())
Name(id='time_1', ctx=Load())
Name(id='str', ctx=Load())
Name(id='e', ctx=Load())
Name(id='traceback', ctx=Load())
Name(id='result', ctx=Load())
Name(id='str', ctx=Load())
Name(id='e', ctx=Load())
Name(id='error', ctx=Load())
Name(id='value1', ctx=Load())
Name(id='value1', ctx=Load())
Name(id='float', ctx=Load())
Name(id='value1', ctx=Load())
Name(id='value1', ctx=Load())
Name(id='value1', ctx=Load())
Name(id='float', ctx=Load())
Name(id='value1', ctx=Load())
Name(id='str', ctx=Load())
Name(id='traceback', ctx=Load())
Name(id='str', ctx=Load())
Name(id='post_error', ctx=Load())
Name(id='flight_id', ctx=Load())
Name(id='flight_id', ctx=Load())
Name(id='logger', ctx=Load())
Name(id='failure', ctx=Load())
Name(id='mgr_dict', ctx=Load())
Name(id='failure', ctx=Load())
Name(id='mgr_dict', ctx=Load())
Name(id='traceback', ctx=Load())
Name(id='config_util', ctx=Load())
Name(id='asrFiles', ctx=Load())
Name(id='index', ctx=Load())
Name(id='error', ctx=Load())
Name(id='Exception', ctx=Load())
Name(id='error', ctx=Load())
Name(id='logger', ctx=Load())
Name(id='config_util', ctx=Load())
Name(id='config_util', ctx=Load())
Name(id='filename', ctx=Load())
Name(id='flight_id', ctx=Load())
Name(id='asrFile', ctx=Load())
Name(id='flight_id', ctx=Load())
Name(id='asrFiles', ctx=Load())
Name(id='qarFile', ctx=Load())
Name(id='flightNum', ctx=Load())
Name(id='KM_audioStartTime', ctx=Load())
Name(id='audioStartTime', ctx=Load())
Name(id='jumpresultPath', ctx=Load())
Name(id='mergedtextPath', ctx=Load())
Name(id='SOPReportsPath', ctx=Load())
Name(id='SOPReportsSimplePath', ctx=Load())
Name(id='pcon', ctx=Load())
Name(id='flight_id', ctx=Load())
Name(id='data', ctx=Load())
Name(id='flight_id', ctx=Load())
Name(id='error', ctx=Load())
Name(id='flight_id', ctx=Load())
Name(id='traceback', ctx=Load())
Name(id='os', ctx=Load())
Name(id='json', ctx=Load())
Name(id='response', ctx=Load())
Name(id='response', ctx=Load())
Name(id='response', ctx=Load())
Name(id='response', ctx=Load())
Name(id='response', ctx=Load())
Name(id='task_id', ctx=Load())
Name(id='task_id', ctx=Load())
Name(id='task_id', ctx=Load())
Name(id='data', ctx=Load())
Name(id='pro_name', ctx=Load())
Name(id='task_list', ctx=Load())
Name(id='logger', ctx=Load())
Name(id='task_id', ctx=Load())
Name(id='pro_name', ctx=Load())
Name(id='task_id', ctx=Load())
Name(id='task_position', ctx=Load())
Name(id='logger', ctx=Load())
Name(id='mgr_list', ctx=Load())
Name(id='num_task', ctx=Load())
Name(id='logger', ctx=Load())
Name(id='pro_name', ctx=Load())
Name(id='task_position', ctx=Load())
Name(id='task_position', ctx=Load())
Name(id='response', ctx=Load())
Name(id='response', ctx=Load())
Name(id='response', ctx=Load())
Name(id='response', ctx=Load())
Name(id='response', ctx=Load())
Name(id='task_id', ctx=Load())
Name(id='task_id', ctx=Load())
Name(id='task_id', ctx=Load())
Name(id='data', ctx=Load())
Name(id='pro_name', ctx=Load())
Name(id='task_list', ctx=Load())
Name(id='logger', ctx=Load())
Name(id='response', ctx=Load())
Name(id='task_id', ctx=Load())
Name(id='task', ctx=Load())
Name(id='task_id', ctx=Load())
Name(id='pro_name', ctx=Load())
Name(id='task_id', ctx=Load())
Name(id='task_id', ctx=Load())
Name(id='task', ctx=Load())
Name(id='traceback', ctx=Load())
Name(id='os', ctx=Load())
Name(id='json', ctx=Load())
Name(id='res', ctx=Load())
Name(id='res', ctx=Load())
Name(id='traceback', ctx=Load())
Name(id='iataCode', ctx=Load())
Name(id='config_util', ctx=Load())
Name(id='sopType', ctx=Load())
Name(id='config_util', ctx=Load())
Name(id='sopType', ctx=Load())
Name(id='traceback', ctx=Load())
Name(id='iataCode', ctx=Load())
Name(id='keyword_config', ctx=Load())
Name(id='traceback', ctx=Load())
Name(id='iataCode', ctx=Load())
Name(id='traceback', ctx=Load())
Name(id='iataCode', ctx=Load())
Name(id='traceback', ctx=Load())
Name(id='iataCode', ctx=Load())
Name(id='traceback', ctx=Load())
Name(id='iataCode', ctx=Load())
Name(id='item', ctx=Load())
Name(id='traceback', ctx=Load())
Name(id='traceback', ctx=Load())
Name(id='traceback', ctx=Load())
Name(id='traceback', ctx=Load())
Name(id='traceback', ctx=Load())
Name(id='traceback', ctx=Load())
Name(id='value1', ctx=Load())
Name(id='value1', ctx=Load())
Name(id='sop_dic', ctx=Load())
Name(id='traceback', ctx=Load())
Name(id='str', ctx=Load())
Name(id='post_error', ctx=Load())
Name(id='flight_id', ctx=Load())
Name(id='flight_id', ctx=Load())
Name(id='logger', ctx=Load())
Name(id='flight_id', ctx=Load())
Name(id='flight_id', ctx=Load())
Name(id='logger', ctx=Load())
Name(id='os', ctx=Load())
Name(id='asrFiles', ctx=Load())
Name(id='index', ctx=Load())
Name(id='asrFiles', ctx=Load())
Name(id='index', ctx=Load())
Name(id='logger', ctx=Load())
Name(id='mgr_list', ctx=Load())
Name(id='num_task', ctx=Load())
Name(id='res_f', ctx=Load())
Name(id='pro_name', ctx=Load())
Name(id='task_id', ctx=Load())
Name(id='task_id', ctx=Load())
Name(id='task_id', ctx=Load())
Name(id='logger', ctx=Load())
Name(id='task_list', ctx=Load())
Name(id='response', ctx=Load())
Name(id='res_f', ctx=Load())
Name(id='iataCodeList', ctx=Load())
Name(id='iataCodeList', ctx=Load())
Name(id='time', ctx=Load())
Name(id='time', ctx=Load())
Name(id='str', ctx=Load())
Name(id='traceback', ctx=Load())
Name(id='str', ctx=Load())
Name(id='post_error', ctx=Load())
Name(id='str', ctx=Load())
Name(id='post_error', ctx=Load())
Name(id='config_util', ctx=Load())
Name(id='os', ctx=Load())
Name(id='pro_name', ctx=Load())
Name(id='task_id', ctx=Load())
Name(id='task', ctx=Load())
Name(id='pro_name', ctx=Load())
Name(id='pro_name', ctx=Load())
Name(id='sop_dic', ctx=Load())
Name(id='traceback', ctx=Load())
Name(id='traceback', ctx=Load())
